app/build/intermediates/manifest_merge_blame_file/debug/manifest-merger-blame-debug-report.txt
1<?xml version="1.0" encoding="utf-8"?>
2<manifest xmlns:android="http://schemas.android.com/apk/res/android"
3    package="com.example.apotile"
4    android:versionCode="1"
5    android:versionName="1.0" >
6
7    <uses-sdk
8        android:minSdkVersion="16"
8-->src\main\AndroidManifest.xml
9        android:targetSdkVersion="29" />
9-->src\main\AndroidManifest.xml
10
11    <application
11-->src\main\AndroidManifest.xml:4:5-13:19
12        android:allowBackup="true"
12-->src\main\AndroidManifest.xml:4:18-44
13        android:appComponentFactory="androidx.core.app.CoreComponentFactory"
13-->[androidx.core:core:1.3.2] AndroidManifest.xml:24:18-86
14        android:debuggable="true"
15        android:icon="@mipmap/ic_launcher"
15-->src\main\AndroidManifest.xml:4:45-79
16        android:label="@string/app_name"
16-->src\main\AndroidManifest.xml:4:80-112
17        android:roundIcon="@mipmap/ic_launcher_round"
17-->src\main\AndroidManifest.xml:5:9-54
18        android:supportsRtl="true"
18-->src\main\AndroidManifest.xml:5:55-81
19        android:testOnly="true"
20        android:theme="@style/AppTheme" >
20-->src\main\AndroidManifest.xml:5:82-113
21        <activity android:name="com.example.apotile.MainActivity" >
21-->src\main\AndroidManifest.xml:6:9-12:20
21-->src\main\AndroidManifest.xml:6:19-47
22            <intent-filter>
22-->src\main\AndroidManifest.xml:7:13-11:29
23                <action android:name="android.intent.action.MAIN" />
23-->src\main\AndroidManifest.xml:8:17-69
23-->src\main\AndroidManifest.xml:8:25-66
24
25                <category android:name="android.intent.category.LAUNCHER" />
25-->src\main\AndroidManifest.xml:10:17-77
25-->src\main\AndroidManifest.xml:10:27-74
26            </intent-filter>
27        </activity>
28    </application>
29
30</manifest>